<?xml version="1.0" encoding="UTF-8"?>
<!-- Generated by org.testng.reporters.JUnitReportReporter -->
<testsuite hostname="Sumit" failures="0" tests="1" name="testpackage.helloworld" time="0.005" errors="0" timestamp="2024-04-02T15:56:21 IST" skipped="0">
  <testcase classname="testpackage.helloworld" name="test" time="0.005"/>
  <system-out/>
</testsuite> <!-- testpackage.helloworld -->
